<?xml version="1.0" encoding="UTF-8"?>
<testsuite xmlns:xsi="http://www.w3.org/2001/XMLSchema-instance" xsi:noNamespaceSchemaLocation="https://maven.apache.org/surefire/maven-surefire-plugin/xsd/surefire-test-report.xsd" name="com.devpredator.PROF2022_control1.MatriculaTest" time="0.169" tests="3" errors="0" skipped="0" failures="0">
  <properties>
[...]
</properties>
  <testcase name="calculaImporte" classname="com.devpredator.PROF2022_control1.MatriculaTest" time="0.141"/>
  <testcase name="calculaImporte2" classname="com.devpredator.PROF2022_control1.MatriculaTest" time="0.004"/>
  <testcase name="matriculaVacia" classname="com.devpredator.PROF2022_control1.MatriculaTest" time="0.002"/>
</testsuite>